app/build/intermediates/manifest_merge_blame_file/debug/manifest-merger-blame-debug-report.txt
1<?xml version="1.0" encoding="utf-8"?>
2<manifest xmlns:android="http://schemas.android.com/apk/res/android"
3    package="com.example.studentscoremanager"
4    android:versionCode="1"
5    android:versionName="1.0" >
6
7    <uses-sdk
8        android:minSdkVersion="21"
9        android:targetSdkVersion="34" />
10
11    <permission
11-->[androidx.core:core:1.9.0] AndroidManifest.xml:22:5-24:47
12        android:name="com.example.studentscoremanager.DYNAMIC_RECEIVER_NOT_EXPORTED_PERMISSION"
12-->[androidx.core:core:1.9.0] AndroidManifest.xml:23:9-81
13        android:protectionLevel="signature" />
13-->[androidx.core:core:1.9.0] AndroidManifest.xml:24:9-44
14
15    <uses-permission android:name="com.example.studentscoremanager.DYNAMIC_RECEIVER_NOT_EXPORTED_PERMISSION" />
15-->[androidx.core:core:1.9.0] AndroidManifest.xml:26:5-97
15-->[androidx.core:core:1.9.0] AndroidManifest.xml:26:22-94
16
17    <application
17-->src\main\AndroidManifest.xml:4:5-43:19
18        android:allowBackup="true"
18-->src\main\AndroidManifest.xml:5:9-35
19        android:appComponentFactory="androidx.core.app.CoreComponentFactory"
19-->[androidx.core:core:1.9.0] AndroidManifest.xml:28:18-86
20        android:debuggable="true"
21        android:extractNativeLibs="true"
22        android:icon="@android:drawable/sym_def_app_icon"
22-->src\main\AndroidManifest.xml:6:9-58
23        android:label="@string/app_name"
23-->src\main\AndroidManifest.xml:7:9-41
24        android:supportsRtl="true"
24-->src\main\AndroidManifest.xml:8:9-35
25        android:testOnly="true"
26        android:theme="@style/Theme.StudentScoreManager" >
26-->src\main\AndroidManifest.xml:9:9-57
27        <activity
27-->src\main\AndroidManifest.xml:10:9-12:40
28            android:name="com.example.studentscoremanager.UserManageActivity"
28-->src\main\AndroidManifest.xml:11:13-47
29            android:exported="false" />
29-->src\main\AndroidManifest.xml:12:13-37
30        <activity
30-->src\main\AndroidManifest.xml:13:9-15:40
31            android:name="com.example.studentscoremanager.CourseListActivity"
31-->src\main\AndroidManifest.xml:14:13-47
32            android:exported="false" />
32-->src\main\AndroidManifest.xml:15:13-37
33        <activity
33-->src\main\AndroidManifest.xml:16:9-18:40
34            android:name="com.example.studentscoremanager.SelectCourseActivity"
34-->src\main\AndroidManifest.xml:17:13-49
35            android:exported="false" />
35-->src\main\AndroidManifest.xml:18:13-37
36        <activity
36-->src\main\AndroidManifest.xml:19:9-22:58
37            android:name="com.example.studentscoremanager.CourseActivity"
37-->src\main\AndroidManifest.xml:20:13-43
38            android:exported="false"
38-->src\main\AndroidManifest.xml:21:13-37
39            android:windowSoftInputMode="adjustResize" />
39-->src\main\AndroidManifest.xml:22:13-55
40        <activity
40-->src\main\AndroidManifest.xml:23:9-26:58
41            android:name="com.example.studentscoremanager.RegisterActivity"
41-->src\main\AndroidManifest.xml:24:13-45
42            android:exported="false"
42-->src\main\AndroidManifest.xml:25:13-37
43            android:windowSoftInputMode="adjustResize" />
43-->src\main\AndroidManifest.xml:26:13-55
44        <activity
44-->src\main\AndroidManifest.xml:27:9-30:58
45            android:name="com.example.studentscoremanager.EditActivity"
45-->src\main\AndroidManifest.xml:28:13-41
46            android:exported="false"
46-->src\main\AndroidManifest.xml:29:13-37
47            android:windowSoftInputMode="adjustResize" />
47-->src\main\AndroidManifest.xml:30:13-55
48        <activity
48-->src\main\AndroidManifest.xml:31:9-33:40
49            android:name="com.example.studentscoremanager.MainActivity"
49-->src\main\AndroidManifest.xml:32:13-41
50            android:exported="false" />
50-->src\main\AndroidManifest.xml:33:13-37
51        <activity
51-->src\main\AndroidManifest.xml:34:9-42:20
52            android:name="com.example.studentscoremanager.LoginActivity"
52-->src\main\AndroidManifest.xml:35:13-42
53            android:exported="true"
53-->src\main\AndroidManifest.xml:36:13-36
54            android:windowSoftInputMode="adjustResize" >
54-->src\main\AndroidManifest.xml:37:13-55
55            <intent-filter>
55-->src\main\AndroidManifest.xml:38:13-41:29
56                <action android:name="android.intent.action.MAIN" />
56-->src\main\AndroidManifest.xml:39:17-69
56-->src\main\AndroidManifest.xml:39:25-66
57
58                <category android:name="android.intent.category.LAUNCHER" />
58-->src\main\AndroidManifest.xml:40:17-77
58-->src\main\AndroidManifest.xml:40:27-74
59            </intent-filter>
60        </activity>
61
62        <provider
62-->[androidx.emoji2:emoji2:1.2.0] AndroidManifest.xml:24:9-32:20
63            android:name="androidx.startup.InitializationProvider"
63-->[androidx.emoji2:emoji2:1.2.0] AndroidManifest.xml:25:13-67
64            android:authorities="com.example.studentscoremanager.androidx-startup"
64-->[androidx.emoji2:emoji2:1.2.0] AndroidManifest.xml:26:13-68
65            android:exported="false" >
65-->[androidx.emoji2:emoji2:1.2.0] AndroidManifest.xml:27:13-37
66            <meta-data
66-->[androidx.emoji2:emoji2:1.2.0] AndroidManifest.xml:29:13-31:52
67                android:name="androidx.emoji2.text.EmojiCompatInitializer"
67-->[androidx.emoji2:emoji2:1.2.0] AndroidManifest.xml:30:17-75
68                android:value="androidx.startup" />
68-->[androidx.emoji2:emoji2:1.2.0] AndroidManifest.xml:31:17-49
69            <meta-data
69-->[androidx.lifecycle:lifecycle-process:2.6.1] AndroidManifest.xml:29:13-31:52
70                android:name="androidx.lifecycle.ProcessLifecycleInitializer"
70-->[androidx.lifecycle:lifecycle-process:2.6.1] AndroidManifest.xml:30:17-78
71                android:value="androidx.startup" />
71-->[androidx.lifecycle:lifecycle-process:2.6.1] AndroidManifest.xml:31:17-49
72            <meta-data
72-->[androidx.profileinstaller:profileinstaller:1.3.0] AndroidManifest.xml:29:13-31:52
73                android:name="androidx.profileinstaller.ProfileInstallerInitializer"
73-->[androidx.profileinstaller:profileinstaller:1.3.0] AndroidManifest.xml:30:17-85
74                android:value="androidx.startup" />
74-->[androidx.profileinstaller:profileinstaller:1.3.0] AndroidManifest.xml:31:17-49
75        </provider>
76
77        <receiver
77-->[androidx.profileinstaller:profileinstaller:1.3.0] AndroidManifest.xml:34:9-52:20
78            android:name="androidx.profileinstaller.ProfileInstallReceiver"
78-->[androidx.profileinstaller:profileinstaller:1.3.0] AndroidManifest.xml:35:13-76
79            android:directBootAware="false"
79-->[androidx.profileinstaller:profileinstaller:1.3.0] AndroidManifest.xml:36:13-44
80            android:enabled="true"
80-->[androidx.profileinstaller:profileinstaller:1.3.0] AndroidManifest.xml:37:13-35
81            android:exported="true"
81-->[androidx.profileinstaller:profileinstaller:1.3.0] AndroidManifest.xml:38:13-36
82            android:permission="android.permission.DUMP" >
82-->[androidx.profileinstaller:profileinstaller:1.3.0] AndroidManifest.xml:39:13-57
83            <intent-filter>
83-->[androidx.profileinstaller:profileinstaller:1.3.0] AndroidManifest.xml:40:13-42:29
84                <action android:name="androidx.profileinstaller.action.INSTALL_PROFILE" />
84-->[androidx.profileinstaller:profileinstaller:1.3.0] AndroidManifest.xml:41:17-91
84-->[androidx.profileinstaller:profileinstaller:1.3.0] AndroidManifest.xml:41:25-88
85            </intent-filter>
86            <intent-filter>
86-->[androidx.profileinstaller:profileinstaller:1.3.0] AndroidManifest.xml:43:13-45:29
87                <action android:name="androidx.profileinstaller.action.SKIP_FILE" />
87-->[androidx.profileinstaller:profileinstaller:1.3.0] AndroidManifest.xml:44:17-85
87-->[androidx.profileinstaller:profileinstaller:1.3.0] AndroidManifest.xml:44:25-82
88            </intent-filter>
89            <intent-filter>
89-->[androidx.profileinstaller:profileinstaller:1.3.0] AndroidManifest.xml:46:13-48:29
90                <action android:name="androidx.profileinstaller.action.SAVE_PROFILE" />
90-->[androidx.profileinstaller:profileinstaller:1.3.0] AndroidManifest.xml:47:17-88
90-->[androidx.profileinstaller:profileinstaller:1.3.0] AndroidManifest.xml:47:25-85
91            </intent-filter>
92            <intent-filter>
92-->[androidx.profileinstaller:profileinstaller:1.3.0] AndroidManifest.xml:49:13-51:29
93                <action android:name="androidx.profileinstaller.action.BENCHMARK_OPERATION" />
93-->[androidx.profileinstaller:profileinstaller:1.3.0] AndroidManifest.xml:50:17-95
93-->[androidx.profileinstaller:profileinstaller:1.3.0] AndroidManifest.xml:50:25-92
94            </intent-filter>
95        </receiver>
96    </application>
97
98</manifest>